\BOOKMARK [1][-]{Doc-Start}{Table\040of\040Contents}{}% 1
\BOOKMARK [1][-]{section*.1}{List\040of\040Figures}{}% 2
\BOOKMARK [1][-]{section*.2}{List\040of\040Tables}{}% 3
\BOOKMARK [1][-]{section.1}{Introduction}{}% 4
\BOOKMARK [2][-]{subsection.1.1}{Purpose}{section.1}% 5
\BOOKMARK [3][-]{subsubsection.1.1.1}{Description\040of\040the\040given\040problem}{subsection.1.1}% 6
\BOOKMARK [2][-]{subsection.1.2}{Scope}{section.1}% 7
\BOOKMARK [2][-]{subsection.1.3}{Definitions,\040acronyms,\040abbreviations}{section.1}% 8
\BOOKMARK [3][-]{subsubsection.1.3.1}{Definitions}{subsection.1.3}% 9
\BOOKMARK [3][-]{subsubsection.1.3.2}{Acronyms}{subsection.1.3}% 10
\BOOKMARK [3][-]{subsubsection.1.3.3}{Abbreviations}{subsection.1.3}% 11
\BOOKMARK [2][-]{subsection.1.4}{Revision\040history}{section.1}% 12
\BOOKMARK [2][-]{subsection.1.5}{Reference\040Documents}{section.1}% 13
\BOOKMARK [2][-]{subsection.1.6}{Document\040Structure}{section.1}% 14
\BOOKMARK [1][-]{section.2}{Architectural\040Design}{}% 15
\BOOKMARK [2][-]{subsection.2.1}{Overview}{section.2}% 16
\BOOKMARK [2][-]{subsection.2.2}{Component\040view}{section.2}% 17
\BOOKMARK [2][-]{subsection.2.3}{Deployment\040view}{section.2}% 18
\BOOKMARK [2][-]{subsection.2.4}{Runtime\040view}{section.2}% 19
\BOOKMARK [2][-]{subsection.2.5}{Selected\040Architectural\040styles\040and\040patterns}{section.2}% 20
\BOOKMARK [2][-]{subsection.2.6}{Other\040design\040decisions}{section.2}% 21
\BOOKMARK [1][-]{section.3}{User\040Interface\040Design}{}% 22
\BOOKMARK [1][-]{section.4}{Requirements\040Traceability}{}% 23
\BOOKMARK [1][-]{section.5}{Implementation,\040Integration\040and\040Test\040Plan}{}% 24
\BOOKMARK [1][-]{section.6}{Effort\040Spent}{}% 25
