\BOOKMARK [1][-]{Doc-Start}{Table\040of\040Contents}{}% 1
\BOOKMARK [1][-]{section*.1}{List\040of\040Figures}{}% 2
\BOOKMARK [1][-]{section*.2}{List\040of\040Tables}{}% 3
\BOOKMARK [1][-]{section.1}{Introduction}{}% 4
\BOOKMARK [2][-]{subsection.1.1}{Purpose}{section.1}% 5
\BOOKMARK [3][-]{subsubsection.1.1.1}{Description\040of\040the\040given\040problem}{subsection.1.1}% 6
\BOOKMARK [3][-]{subsubsection.1.1.2}{Goals}{subsection.1.1}% 7
\BOOKMARK [2][-]{subsection.1.2}{Scope}{section.1}% 8
\BOOKMARK [2][-]{subsection.1.3}{World\040and\040shared\040phenomena}{section.1}% 9
\BOOKMARK [2][-]{subsection.1.4}{Definitions,\040acronyms,\040abbreviations}{section.1}% 10
\BOOKMARK [3][-]{subsubsection.1.4.1}{Definitions}{subsection.1.4}% 11
\BOOKMARK [3][-]{subsubsection.1.4.2}{Acronyms}{subsection.1.4}% 12
\BOOKMARK [3][-]{subsubsection.1.4.3}{Abbreviations}{subsection.1.4}% 13
\BOOKMARK [2][-]{subsection.1.5}{Revision\040history}{section.1}% 14
\BOOKMARK [2][-]{subsection.1.6}{Reference\040Documents}{section.1}% 15
\BOOKMARK [2][-]{subsection.1.7}{Document\040Structure}{section.1}% 16
\BOOKMARK [1][-]{section.2}{Overall\040Description}{}% 17
\BOOKMARK [2][-]{subsection.2.1}{Product\040perspective}{section.2}% 18
\BOOKMARK [3][-]{subsubsection.2.1.1}{Class\040Diagram}{subsection.2.1}% 19
\BOOKMARK [2][-]{subsection.2.2}{Product\040functions}{section.2}% 20
\BOOKMARK [3][-]{subsubsection.2.2.1}{Report\040violation}{subsection.2.2}% 21
\BOOKMARK [3][-]{subsubsection.2.2.2}{Explore\040Data}{subsection.2.2}% 22
\BOOKMARK [3][-]{subsubsection.2.2.3}{Issue\040a\040ticket}{subsection.2.2}% 23
\BOOKMARK [3][-]{subsubsection.2.2.4}{Ticket\040statistics}{subsection.2.2}% 24
\BOOKMARK [2][-]{subsection.2.3}{User\040characteristics}{section.2}% 25
\BOOKMARK [2][-]{subsection.2.4}{Assumptions,\040dependencies\040and\040constraints}{section.2}% 26
\BOOKMARK [3][-]{subsubsection.2.4.1}{Domain\040assumptions}{subsection.2.4}% 27
\BOOKMARK [3][-]{subsubsection.2.4.2}{Dependencies}{subsection.2.4}% 28
\BOOKMARK [1][-]{section.3}{Specific\040Requirements}{}% 29
\BOOKMARK [2][-]{subsection.3.1}{External\040Interface\040Requirements}{section.3}% 30
\BOOKMARK [3][-]{subsubsection.3.1.1}{User\040Interfaces}{subsection.3.1}% 31
\BOOKMARK [3][-]{subsubsection.3.1.2}{Hardware\040Interfaces}{subsection.3.1}% 32
\BOOKMARK [3][-]{subsubsection.3.1.3}{Software\040Interfaces}{subsection.3.1}% 33
\BOOKMARK [3][-]{subsubsection.3.1.4}{Communication\040Interfaces}{subsection.3.1}% 34
\BOOKMARK [2][-]{subsection.3.2}{Functional\040Requirements}{section.3}% 35
\BOOKMARK [3][-]{subsubsection.3.2.1}{Use\040Cases\040diagrams}{subsection.3.2}% 36
\BOOKMARK [3][-]{subsubsection.3.2.2}{Use\040Cases\040Description}{subsection.3.2}% 37
\BOOKMARK [3][-]{subsubsection.3.2.3}{Sequence\040diagrams}{subsection.3.2}% 38
\BOOKMARK [3][-]{subsubsection.3.2.4}{Requirements\040traceability\040matrix}{subsection.3.2}% 39
\BOOKMARK [2][-]{subsection.3.3}{Performance\040Requirements}{section.3}% 40
\BOOKMARK [2][-]{subsection.3.4}{Design\040Constraints}{section.3}% 41
\BOOKMARK [3][-]{subsubsection.3.4.1}{Standards\040compliance}{subsection.3.4}% 42
\BOOKMARK [3][-]{subsubsection.3.4.2}{Hardware\040limitations}{subsection.3.4}% 43
\BOOKMARK [3][-]{subsubsection.3.4.3}{Any\040other\040constraint}{subsection.3.4}% 44
\BOOKMARK [2][-]{subsection.3.5}{Software\040System\040Attributes}{section.3}% 45
\BOOKMARK [3][-]{subsubsection.3.5.1}{Simple\040User\040Interface}{subsection.3.5}% 46
\BOOKMARK [3][-]{subsubsection.3.5.2}{Reliability}{subsection.3.5}% 47
\BOOKMARK [3][-]{subsubsection.3.5.3}{Availability}{subsection.3.5}% 48
\BOOKMARK [3][-]{subsubsection.3.5.4}{Security}{subsection.3.5}% 49
\BOOKMARK [3][-]{subsubsection.3.5.5}{Maintainability}{subsection.3.5}% 50
\BOOKMARK [3][-]{subsubsection.3.5.6}{Portability}{subsection.3.5}% 51
\BOOKMARK [1][-]{section.4}{Formal\040Analysis\040Using\040Alloy}{}% 52
\BOOKMARK [2][-]{subsection.4.1}{Abstract\040Entity\040and\040Signature}{section.4}% 53
\BOOKMARK [1][-]{section.5}{Effort\040Spent}{}% 54
