This is MetaPost, version 2.00 (TeX Live 2018) (kpathsea version 6.3.0)  21 OCT 2019 23:17
**firstclass.mp
(/usr/local/texlive/2018/texmf-dist/metapost/base/mpost.mp
(/usr/local/texlive/2018/texmf-dist/metapost/base/plain.mp
Preloading the plain mem file, version 1.005) ) (./firstclass.mp
(/usr/local/texlive/2018/texmf-dist/metapost/metauml/metauml.mp
(/usr/local/texlive/2018/texmf-dist/metapost/metauml/util_infrastructure.mp
(/usr/local/texlive/2018/texmf-dist/metapost/metauml/util_log.mp))
(/usr/local/texlive/2018/texmf-dist/metapost/metauml/util_object.mp)
(/usr/local/texlive/2018/texmf-dist/metapost/metauml/util_commons.mp)
(/usr/local/texlive/2018/texmf-dist/metapost/metauml/util_margins.mp)
(/usr/local/texlive/2018/texmf-dist/metapost/metauml/util_picture.mp
(/usr/local/texlive/2018/texmf-dist/metapost/base/boxes.mp))
(/usr/local/texlive/2018/texmf-dist/metapost/metauml/util_group.mp)
(/usr/local/texlive/2018/texmf-dist/metapost/metauml/util_picture_stack.mp)
(/usr/local/texlive/2018/texmf-dist/metapost/metauml/util_positioning.mp)
(/usr/local/texlive/2018/texmf-dist/metapost/metauml/util_shade.mp)
(/usr/local/texlive/2018/texmf-dist/metapost/metauml/metauml_base.mp)
(/usr/local/texlive/2018/texmf-dist/metapost/metauml/metauml_links.mp)
(/usr/local/texlive/2018/texmf-dist/metapost/metauml/metauml_paths.mp)
(/usr/local/texlive/2018/texmf-dist/metapost/metauml/metauml_note.mp
(/usr/local/texlive/2018/texmf-dist/metapost/metauml/metauml_defaults.mp))
(/usr/local/texlive/2018/texmf-dist/metapost/metauml/metauml_stereotype.mp)
(/usr/local/texlive/2018/texmf-dist/metapost/metauml/metauml_class_clipart.mp)
(/usr/local/texlive/2018/texmf-dist/metapost/metauml/metauml_class.mp)
(/usr/local/texlive/2018/texmf-dist/metapost/metauml/metauml_instance.mp)
(/usr/local/texlive/2018/texmf-dist/metapost/metauml/metauml_class_relations.mp
) (/usr/local/texlive/2018/texmf-dist/metapost/metauml/metauml_class_assoc.mp)
(/usr/local/texlive/2018/texmf-dist/metapost/metauml/metauml_package.mp)
(/usr/local/texlive/2018/texmf-dist/metapost/metauml/metauml_package_relations.
mp)
(/usr/local/texlive/2018/texmf-dist/metapost/metauml/metauml_behavioral_common.
mp) (/usr/local/texlive/2018/texmf-dist/metapost/metauml/metauml_activity.mp)
(/usr/local/texlive/2018/texmf-dist/metapost/metauml/metauml_state.mp)
(/usr/local/texlive/2018/texmf-dist/metapost/metauml/metauml_usecase_clipart.mp
) (/usr/local/texlive/2018/texmf-dist/metapost/metauml/metauml_usecase.mp)
(/usr/local/texlive/2018/texmf-dist/metapost/metauml/metauml_behavioral_common.
mp) (/usr/local/texlive/2018/texmf-dist/metapost/metauml/metauml_activity.mp)
(/usr/local/texlive/2018/texmf-dist/metapost/metauml/metauml_state.mp)
(/usr/local/texlive/2018/texmf-dist/metapost/metauml/metauml_usecase_clipart.mp
) (/usr/local/texlive/2018/texmf-dist/metapost/metauml/metauml_usecase.mp)
(/usr/local/texlive/2018/texmf-dist/metapost/metauml/metauml_component.mp)
(/usr/local/texlive/2018/texmf-dist/metapost/metauml/metauml_component_relation
s.mp) (/usr/local/texlive/2018/texmf-dist/metapost/metauml/metauml_templates.mp
))
! Extra tokens will be flushed.
<to be read again> 
                   :
<for("permission")> "int":
                          log"Adding attribute ",(EXPR0);addAttribute.U((EXP...

EClass->...ute ",a;addAttribute(SUFFIX2)(a);endfor
                                                  ;for.m=(TEXT6):log"Adding ...

Class->...FIX2)(iClass)((EXPR3))((TEXT4))((TEXT5))
                                                  ;endgroup
l.6 ()
      ;
? q
OK, entering batchmode...
! Extra tokens will be flushed.
<to be read again> 
                   ,
<for("latitude")> "long",
                         "longitude":"long","time":"time":log"Adding attribu...

EClass->...ute ",a;addAttribute(SUFFIX2)(a);endfor
                                                  ;for.m=(TEXT6):log"Adding ...

Class->...FIX2)(iClass)((EXPR3))((TEXT4))((TEXT5))
                                                  ;endgroup
l.10 ()
       ;
I've just read as much of that statement as I could fathom,
so a semicolon should have been next. It's very puzzling...
but I'll try to get myself back together, by ignoring
everything up to the next `;'. Please insert a semicolon
now in front of anything that you don't want me to delete.
(See Chapter 27 of The METAFONTbook for an example.)

! Extra tokens will be flushed.
<to be read again> 
                   ,
<for("kind")> "string",
                       "photo":"file","date"="date","street":"string","stree...

EClass->...ute ",a;addAttribute(SUFFIX2)(a);endfor
                                                  ;for.m=(TEXT6):log"Adding ...

Class->...FIX2)(iClass)((EXPR3))((TEXT4))((TEXT5))
                                                  ;endgroup
l.13 ()
       ;
I've just read as much of that statement as I could fathom,
so a semicolon should have been next. It's very puzzling...
but I'll try to get myself back together, by ignoring
everything up to the next `;'. Please insert a semicolon
now in front of anything that you don't want me to delete.
(See Chapter 27 of The METAFONTbook for an example.)

! Missing argument to Class.
<to be read again> 
                   ;
l.16 ();
        
That macro has more parameters than you thought.
I'll continue by pretending that each missing argument
is either zero or null.

! Missing argument to Class.
<to be read again> 
                   ;
l.19 ();
        
That macro has more parameters than you thought.
I'll continue by pretending that each missing argument
is either zero or null.

! Missing argument to Class.
<to be read again> 
                   ;
l.21 ();
        
That macro has more parameters than you thought.
I'll continue by pretending that each missing argument
is either zero or null.

 [1] )
1 output file written: firstclass.1

